android-app/app/build/intermediates/manifest_merge_blame_file/debug/manifest-merger-blame-debug-report.txt
1<?xml version="1.0" encoding="utf-8"?>
2<manifest xmlns:android="http://schemas.android.com/apk/res/android"
3    package="com.smarthub.diagnostics"
4    android:versionCode="1"
5    android:versionName="1.0" >
6
7    <uses-sdk
8        android:minSdkVersion="23"
9        android:targetSdkVersion="34" />
10
11    <uses-permission android:name="android.permission.VIBRATE" />
11-->src\main\AndroidManifest.xml:4:5-66
11-->src\main\AndroidManifest.xml:4:22-63
12    <uses-permission android:name="android.permission.CAMERA" />
12-->src\main\AndroidManifest.xml:5:5-65
12-->src\main\AndroidManifest.xml:5:22-62
13    <uses-permission android:name="android.permission.FLASHLIGHT" />
13-->src\main\AndroidManifest.xml:6:5-69
13-->src\main\AndroidManifest.xml:6:22-66
14    <uses-permission android:name="android.permission.RECORD_AUDIO" />
14-->src\main\AndroidManifest.xml:7:5-71
14-->src\main\AndroidManifest.xml:7:22-68
15    <uses-permission android:name="android.permission.ACCESS_FINE_LOCATION" />
15-->src\main\AndroidManifest.xml:8:5-79
15-->src\main\AndroidManifest.xml:8:22-76
16    <uses-permission android:name="android.permission.ACCESS_COARSE_LOCATION" />
16-->src\main\AndroidManifest.xml:9:5-81
16-->src\main\AndroidManifest.xml:9:22-78
17    <uses-permission android:name="android.permission.QUERY_ALL_PACKAGES" />
17-->src\main\AndroidManifest.xml:10:5-77
17-->src\main\AndroidManifest.xml:10:22-74
18
19    <uses-feature
19-->src\main\AndroidManifest.xml:12:5-90
20        android:name="android.hardware.fingerprint"
20-->src\main\AndroidManifest.xml:12:19-62
21        android:required="false" />
21-->src\main\AndroidManifest.xml:12:63-87
22    <uses-feature
22-->src\main\AndroidManifest.xml:13:5-82
23        android:name="android.hardware.nfc"
23-->src\main\AndroidManifest.xml:13:19-54
24        android:required="false" />
24-->src\main\AndroidManifest.xml:13:55-79
25
26    <permission
26-->[androidx.core:core:1.12.0] AndroidManifest.xml:22:5-24:47
27        android:name="com.smarthub.diagnostics.DYNAMIC_RECEIVER_NOT_EXPORTED_PERMISSION"
27-->[androidx.core:core:1.12.0] AndroidManifest.xml:23:9-81
28        android:protectionLevel="signature" />
28-->[androidx.core:core:1.12.0] AndroidManifest.xml:24:9-44
29
30    <uses-permission android:name="com.smarthub.diagnostics.DYNAMIC_RECEIVER_NOT_EXPORTED_PERMISSION" />
30-->[androidx.core:core:1.12.0] AndroidManifest.xml:26:5-97
30-->[androidx.core:core:1.12.0] AndroidManifest.xml:26:22-94
31
32    <application
32-->src\main\AndroidManifest.xml:15:5-77:19
33        android:allowBackup="true"
33-->src\main\AndroidManifest.xml:16:9-35
34        android:appComponentFactory="androidx.core.app.CoreComponentFactory"
34-->[androidx.core:core:1.12.0] AndroidManifest.xml:28:18-86
35        android:debuggable="true"
36        android:extractNativeLibs="false"
37        android:icon="@mipmap/ic_launcher"
37-->src\main\AndroidManifest.xml:17:9-43
38        android:label="@string/app_name"
38-->src\main\AndroidManifest.xml:18:9-41
39        android:roundIcon="@mipmap/ic_launcher_round"
39-->src\main\AndroidManifest.xml:19:9-54
40        android:supportsRtl="true"
40-->src\main\AndroidManifest.xml:20:9-35
41        android:theme="@style/Theme.SmartHub" >
41-->src\main\AndroidManifest.xml:21:9-46
42        <activity
42-->src\main\AndroidManifest.xml:23:9-30:20
43            android:name="com.smarthub.diagnostics.MainActivity"
43-->src\main\AndroidManifest.xml:24:13-41
44            android:exported="true" >
44-->src\main\AndroidManifest.xml:25:13-36
45            <intent-filter>
45-->src\main\AndroidManifest.xml:26:13-29:29
46                <action android:name="android.intent.action.MAIN" />
46-->src\main\AndroidManifest.xml:27:17-69
46-->src\main\AndroidManifest.xml:27:25-66
47
48                <category android:name="android.intent.category.LAUNCHER" />
48-->src\main\AndroidManifest.xml:28:17-77
48-->src\main\AndroidManifest.xml:28:27-74
49            </intent-filter>
50        </activity>
51        <activity
51-->src\main\AndroidManifest.xml:32:9-35:53
52            android:name="com.smarthub.diagnostics.TestRunnerActivity"
52-->src\main\AndroidManifest.xml:33:13-47
53            android:exported="true"
53-->src\main\AndroidManifest.xml:34:13-36
54            android:theme="@style/Theme.SmartHub" />
54-->src\main\AndroidManifest.xml:35:13-50
55        <activity
55-->src\main\AndroidManifest.xml:37:9-40:53
56            android:name="com.smarthub.diagnostics.TouchTestActivity"
56-->src\main\AndroidManifest.xml:38:13-46
57            android:exported="true"
57-->src\main\AndroidManifest.xml:39:13-36
58            android:theme="@style/Theme.SmartHub" />
58-->src\main\AndroidManifest.xml:40:13-50
59        <activity
59-->src\main\AndroidManifest.xml:42:9-45:53
60            android:name="com.smarthub.diagnostics.ProximityTestActivity"
60-->src\main\AndroidManifest.xml:43:13-50
61            android:exported="true"
61-->src\main\AndroidManifest.xml:44:13-36
62            android:theme="@style/Theme.SmartHub" />
62-->src\main\AndroidManifest.xml:45:13-50
63        <activity
63-->src\main\AndroidManifest.xml:47:9-50:53
64            android:name="com.smarthub.diagnostics.GyroTestActivity"
64-->src\main\AndroidManifest.xml:48:13-45
65            android:exported="true"
65-->src\main\AndroidManifest.xml:49:13-36
66            android:theme="@style/Theme.SmartHub" />
66-->src\main\AndroidManifest.xml:50:13-50
67        <activity
67-->src\main\AndroidManifest.xml:52:9-55:53
68            android:name="com.smarthub.diagnostics.MicrophoneTestActivity"
68-->src\main\AndroidManifest.xml:53:13-51
69            android:exported="true"
69-->src\main\AndroidManifest.xml:54:13-36
70            android:theme="@style/Theme.SmartHub" />
70-->src\main\AndroidManifest.xml:55:13-50
71        <activity
71-->src\main\AndroidManifest.xml:57:9-60:53
72            android:name="com.smarthub.diagnostics.EarpieceTestActivity"
72-->src\main\AndroidManifest.xml:58:13-49
73            android:exported="true"
73-->src\main\AndroidManifest.xml:59:13-36
74            android:theme="@style/Theme.SmartHub" />
74-->src\main\AndroidManifest.xml:60:13-50
75        <activity
75-->src\main\AndroidManifest.xml:62:9-65:53
76            android:name="com.smarthub.diagnostics.GpsTestActivity"
76-->src\main\AndroidManifest.xml:63:13-44
77            android:exported="true"
77-->src\main\AndroidManifest.xml:64:13-36
78            android:theme="@style/Theme.SmartHub" />
78-->src\main\AndroidManifest.xml:65:13-50
79        <activity
79-->src\main\AndroidManifest.xml:67:9-70:53
80            android:name="com.smarthub.diagnostics.FingerprintTestActivity"
80-->src\main\AndroidManifest.xml:68:13-52
81            android:exported="true"
81-->src\main\AndroidManifest.xml:69:13-36
82            android:theme="@style/Theme.SmartHub" />
82-->src\main\AndroidManifest.xml:70:13-50
83        <activity
83-->src\main\AndroidManifest.xml:72:9-75:53
84            android:name="com.smarthub.diagnostics.NfcTestActivity"
84-->src\main\AndroidManifest.xml:73:13-44
85            android:exported="true"
85-->src\main\AndroidManifest.xml:74:13-36
86            android:theme="@style/Theme.SmartHub" />
86-->src\main\AndroidManifest.xml:75:13-50
87
88        <provider
88-->[androidx.emoji2:emoji2:1.2.0] AndroidManifest.xml:24:9-32:20
89            android:name="androidx.startup.InitializationProvider"
89-->[androidx.emoji2:emoji2:1.2.0] AndroidManifest.xml:25:13-67
90            android:authorities="com.smarthub.diagnostics.androidx-startup"
90-->[androidx.emoji2:emoji2:1.2.0] AndroidManifest.xml:26:13-68
91            android:exported="false" >
91-->[androidx.emoji2:emoji2:1.2.0] AndroidManifest.xml:27:13-37
92            <meta-data
92-->[androidx.emoji2:emoji2:1.2.0] AndroidManifest.xml:29:13-31:52
93                android:name="androidx.emoji2.text.EmojiCompatInitializer"
93-->[androidx.emoji2:emoji2:1.2.0] AndroidManifest.xml:30:17-75
94                android:value="androidx.startup" />
94-->[androidx.emoji2:emoji2:1.2.0] AndroidManifest.xml:31:17-49
95            <meta-data
95-->[androidx.lifecycle:lifecycle-process:2.6.1] AndroidManifest.xml:29:13-31:52
96                android:name="androidx.lifecycle.ProcessLifecycleInitializer"
96-->[androidx.lifecycle:lifecycle-process:2.6.1] AndroidManifest.xml:30:17-78
97                android:value="androidx.startup" />
97-->[androidx.lifecycle:lifecycle-process:2.6.1] AndroidManifest.xml:31:17-49
98            <meta-data
98-->[androidx.profileinstaller:profileinstaller:1.3.0] AndroidManifest.xml:29:13-31:52
99                android:name="androidx.profileinstaller.ProfileInstallerInitializer"
99-->[androidx.profileinstaller:profileinstaller:1.3.0] AndroidManifest.xml:30:17-85
100                android:value="androidx.startup" />
100-->[androidx.profileinstaller:profileinstaller:1.3.0] AndroidManifest.xml:31:17-49
101        </provider>
102
103        <receiver
103-->[androidx.profileinstaller:profileinstaller:1.3.0] AndroidManifest.xml:34:9-52:20
104            android:name="androidx.profileinstaller.ProfileInstallReceiver"
104-->[androidx.profileinstaller:profileinstaller:1.3.0] AndroidManifest.xml:35:13-76
105            android:directBootAware="false"
105-->[androidx.profileinstaller:profileinstaller:1.3.0] AndroidManifest.xml:36:13-44
106            android:enabled="true"
106-->[androidx.profileinstaller:profileinstaller:1.3.0] AndroidManifest.xml:37:13-35
107            android:exported="true"
107-->[androidx.profileinstaller:profileinstaller:1.3.0] AndroidManifest.xml:38:13-36
108            android:permission="android.permission.DUMP" >
108-->[androidx.profileinstaller:profileinstaller:1.3.0] AndroidManifest.xml:39:13-57
109            <intent-filter>
109-->[androidx.profileinstaller:profileinstaller:1.3.0] AndroidManifest.xml:40:13-42:29
110                <action android:name="androidx.profileinstaller.action.INSTALL_PROFILE" />
110-->[androidx.profileinstaller:profileinstaller:1.3.0] AndroidManifest.xml:41:17-91
110-->[androidx.profileinstaller:profileinstaller:1.3.0] AndroidManifest.xml:41:25-88
111            </intent-filter>
112            <intent-filter>
112-->[androidx.profileinstaller:profileinstaller:1.3.0] AndroidManifest.xml:43:13-45:29
113                <action android:name="androidx.profileinstaller.action.SKIP_FILE" />
113-->[androidx.profileinstaller:profileinstaller:1.3.0] AndroidManifest.xml:44:17-85
113-->[androidx.profileinstaller:profileinstaller:1.3.0] AndroidManifest.xml:44:25-82
114            </intent-filter>
115            <intent-filter>
115-->[androidx.profileinstaller:profileinstaller:1.3.0] AndroidManifest.xml:46:13-48:29
116                <action android:name="androidx.profileinstaller.action.SAVE_PROFILE" />
116-->[androidx.profileinstaller:profileinstaller:1.3.0] AndroidManifest.xml:47:17-88
116-->[androidx.profileinstaller:profileinstaller:1.3.0] AndroidManifest.xml:47:25-85
117            </intent-filter>
118            <intent-filter>
118-->[androidx.profileinstaller:profileinstaller:1.3.0] AndroidManifest.xml:49:13-51:29
119                <action android:name="androidx.profileinstaller.action.BENCHMARK_OPERATION" />
119-->[androidx.profileinstaller:profileinstaller:1.3.0] AndroidManifest.xml:50:17-95
119-->[androidx.profileinstaller:profileinstaller:1.3.0] AndroidManifest.xml:50:25-92
120            </intent-filter>
121        </receiver>
122    </application>
123
124</manifest>